#**************Configuration**************
#Number of processors: 4
#Training file: train.dat (70 lines)
#Validation file: valid.dat (30 lines)
#Test file: (none) (0 lines)
#Number of features: 700
#Maximum depth: 4
#Number of trees: 100
#Learning rate: 0.1
#*****************************************
#iteration,train_rmse,train_err,train_ndcg,valid_rmse,valid_err,valid_ndcg
444:0.964970:0.092857,349:0.147745:0.080597,596:0.168410:0.150000,-1:-1.000000:0.066667,-1:-1.000000:0.185714,135:0.535605:0.068421,-1:-1.000000:0.040000,-1:-1.000000:0.090625,8:0.950030:0.366667,-1:-1.000000:0.300000,8:0.956305:0.400000,-1:-1.000000:0.400000,-1:-1.000000:0.400000
0,1.162608,0.282880,0.924763,1.056710,0.272176,0.939737
444:0.964970:0.083571,149:0.881890:0.072537,637:0.272915:0.059579,-1:-1.000000:0.092190,-1:-1.000000:0.040397,36:0.734015:0.126363,-1:-1.000000:0.150308,-1:-1.000000:-0.005333,8:0.950030:0.330000,-1:-1.000000:0.270000,8:0.956305:0.360000,-1:-1.000000:0.360000,-1:-1.000000:0.360000
444:0.964970:0.075214,349:0.147745:0.065284,418:0.254210:0.123787,-1:-1.000000:0.051790,-1:-1.000000:0.154643,135:0.706510:0.055020,-1:-1.000000:0.036924,-1:-1.000000:0.083809,8:0.950030:0.297000,-1:-1.000000:0.243000,8:0.956305:0.324000,-1:-1.000000:0.324000,-1:-1.000000:0.324000
444:0.964970:0.067693,220:0.681520:0.058755,349:0.147745:0.071219,-1:-1.000000:0.132093,-1:-1.000000:0.060151,585:0.475090:0.015548,-1:-1.000000:0.076752,-1:-1.000000:0.000247,36:0.708395:0.267300,8:0.956305:0.291600,-1:-1.000000:0.291600,-1:-1.000000:0.291600,-1:-1.000000:0.218700
444:0.964970:0.060924,149:0.852495:0.052880,637:0.272915:0.041302,-1:-1.000000:0.069496,-1:-1.000000:0.023680,36:0.734015:0.093017,-1:-1.000000:0.112272,-1:-1.000000:0.015997,8:0.950030:0.240570,-1:-1.000000:0.196830,8:0.956305:0.262440,-1:-1.000000:0.262440,-1:-1.000000:0.262440
100:0.909860:0.054831,220:0.681520:0.046396,300:0.626080:0.057135,-1:-1.000000:0.039678,-1:-1.000000:0.089140,43:0.672250:0.009884,-1:-1.000000:-0.019080,-1:-1.000000:0.035228,8:0.950030:0.194009,8:0.779290:0.151822,-1:-1.000000:0.126497,-1:-1.000000:0.177147,8:0.956305:0.236196,-1:-1.000000:0.236196,-1:-1.000000:0.236196
100:0.909860:0.049348,669:0.260840:0.041757,98:0.437070:0.010551,-1:-1.000000:0.068832,-1:-1.000000:-0.013733,438:0.893625:0.052583,-1:-1.000000:0.044656,-1:-1.000000:0.122340,17:0.342205:0.174608,8:0.956305:0.212576,-1:-1.000000:0.212576,-1:-1.000000:0.212576,8:0.779290:0.136640,-1:-1.000000:0.113847,-1:-1.000000:0.159432
100:0.909860:0.044413,513:0.428760:0.037581,596:0.266080:-0.001470,-1:-1.000000:0.059243,-1:-1.000000:-0.024237,607:0.753225:0.045391,-1:-1.000000:0.053266,-1:-1.000000:-0.000874,17:0.342205:0.157147,8:0.956305:0.191319,-1:-1.000000:0.191319,-1:-1.000000:0.191319,8:0.779290:0.122976,-1:-1.000000:0.102463,-1:-1.000000:0.143489
100:0.909860:0.039972,220:0.681520:0.033823,687:0.856730:0.042841,-1:-1.000000:0.048503,-1:-1.000000:-0.023691,433:0.541990:0.003161,-1:-1.000000:0.032745,-1:-1.000000:-0.016562,8:0.950030:0.141433,8:0.779290:0.110678,-1:-1.000000:0.092216,-1:-1.000000:0.129140,8:0.956305:0.172187,-1:-1.000000:0.172187,-1:-1.000000:0.172187
100:0.909860:0.035975,27:0.996140:0.030441,433:0.604720:0.025334,-1:-1.000000:0.039330,-1:-1.000000:0.008228,242:0.386960:0.081507,-1:-1.000000:0.042284,-1:-1.000000:0.101119,17:0.342205:0.127289,8:0.956305:0.154968,-1:-1.000000:0.154968,-1:-1.000000:0.154968,8:0.779290:0.099610,-1:-1.000000:0.082995,-1:-1.000000:0.116226
100:0.909860:0.032377,513:0.428760:0.027396,36:0.611805:-0.006128,-1:-1.000000:-0.025127,-1:-1.000000:0.044535,533:0.893380:0.034101,-1:-1.000000:0.030954,-1:-1.000000:0.117501,8:0.950030:0.114560,8:0.779290:0.089649,-1:-1.000000:0.074695,-1:-1.000000:0.104604,8:0.956305:0.139471,-1:-1.000000:0.139471,-1:-1.000000:0.139471
10,0.545468,0.292030,0.963547,0.507421,0.275382,0.949953
100:0.909860:0.029140,27:0.996140:0.024657,36:0.988970:0.020096,-1:-1.000000:0.018153,-1:-1.000000:0.134734,433:0.861065:0.070261,-1:-1.000000:0.087911,-1:-1.000000:0.034960,8:0.950030:0.103104,8:0.779290:0.080684,-1:-1.000000:0.067226,-1:-1.000000:0.094143,8:0.956305:0.125524,-1:-1.000000:0.125524,-1:-1.000000:0.125524
100:0.909860:0.026226,669:0.260840:0.022191,98:0.437070:-0.001735,-1:-1.000000:0.043474,-1:-1.000000:-0.020572,190:0.829825:0.030492,-1:-1.000000:0.037245,-1:-1.000000:-0.017906,8:0.950030:0.092794,8:0.779290:0.072616,-1:-1.000000:0.060503,-1:-1.000000:0.084729,8:0.956305:0.112972,-1:-1.000000:0.112972,-1:-1.000000:0.112972
100:0.909860:0.023603,27:0.996140:0.019972,505:0.995055:0.015830,-1:-1.000000:0.014086,-1:-1.000000:0.118704,433:0.861065:0.061393,-1:-1.000000:0.075396,-1:-1.000000:0.033388,8:0.950030:0.083515,8:0.779290:0.065354,-1:-1.000000:0.054453,-1:-1.000000:0.076256,8:0.956305:0.101675,-1:-1.000000:0.101675,-1:-1.000000:0.101675
220:0.681520:0.021243,687:0.861550:0.028426,179:0.851025:0.032576,-1:-1.000000:0.028019,-1:-1.000000:0.086121,108:0.605310:-0.024490,-1:-1.000000:-0.018695,-1:-1.000000:-0.030285,433:0.541990:-0.005096,8:0.881260:0.019186,-1:-1.000000:0.035920,-1:-1.000000:-0.014281,124:0.933305:-0.021284,-1:-1.000000:-0.027694,-1:-1.000000:0.029999
253:0.892320:0.019118,34:0.804855:0.015940,433:0.634240:0.004577,-1:-1.000000:0.017815,-1:-1.000000:-0.020797,276:0.772255:0.028771,-1:-1.000000:0.017434,-1:-1.000000:0.049383,248:0.930910:0.071556,8:0.784930:0.062468,-1:-1.000000:0.059108,-1:-1.000000:0.065828,36:0.717010:0.080644,-1:-1.000000:0.082895,-1:-1.000000:0.078393
220:0.681520:0.017207,359:0.973465:0.023410,122:0.607320:0.025265,-1:-1.000000:0.037542,-1:-1.000000:0.008719,-1:-1.000000:-0.076798,433:0.541990:-0.005538,8:0.881260:0.015499,-1:-1.000000:0.030556,-1:-1.000000:-0.014616,124:0.933305:-0.019563,-1:-1.000000:-0.024766,-1:-1.000000:0.022060
100:0.909860:0.015486,693:0.433710:0.012725,36:0.611805:-0.012507,-1:-1.000000:-0.025696,-1:-1.000000:0.022664,533:0.893380:0.017772,-1:-1.000000:0.015231,-1:-1.000000:0.085096,8:0.950030:0.061034,8:0.779290:0.047943,-1:-1.000000:0.040395,-1:-1.000000:0.055491,8:0.956305:0.074124,-1:-1.000000:0.077397,-1:-1.000000:0.070851
253:0.892320:0.013937,36:0.988970:0.011344,34:0.804855:0.009973,-1:-1.000000:-0.001175,-1:-1.000000:0.022201,-1:-1.000000:0.100457,248:0.930910:0.056726,8:0.784930:0.048931,-1:-1.000000:0.047919,-1:-1.000000:0.049942,36:0.717010:0.064521,-1:-1.000000:0.063766,-1:-1.000000:0.065277
216:0.041857:0.012544,216:0.022978:-0.028387,32:0.666500:-0.024192,-1:-1.000000:-0.026733,-1:-1.000000:-0.019110,-1:-1.000000:-0.040971,179:0.851025:0.015024,149:0.591720:0.011879,-1:-1.000000:-0.001820,-1:-1.000000:0.025135,124:0.423775:0.053401,-1:-1.000000:0.071746,-1:-1.000000:0.025884
359:0.973465:0.011289,220:0.681520:0.012472,399:0.864565:0.017969,-1:-1.000000:0.021274,-1:-1.000000:-0.023342,433:0.541990:-0.007316,-1:-1.000000:0.011501,-1:-1.000000:-0.019861,-1:-1.000000:-0.070341
20,0.336395,0.307241,0.999295,0.317360,0.296677,1.000000
465:0.572910:0.010160,359:0.964795:0.017018,325:0.141651:0.018886,-1:-1.000000:-0.003933,-1:-1.000000:0.024927,-1:-1.000000:-0.063307,36:0.281985:-0.001446,339:0.910180:0.023862,-1:-1.000000:-0.040198,-1:-1.000000:0.031870,418:0.418030:-0.014844,-1:-1.000000:-0.036611,-1:-1.000000:0.004505
505:0.995055:0.009144,535:0.443395:0.008122,98:0.129280:-0.007931,-1:-1.000000:0.012742,-1:-1.000000:-0.019991,399:0.864565:0.014223,-1:-1.000000:0.017396,-1:-1.000000:-0.022269,-1:-1.000000:0.079664
36:0.988970:0.008230,276:0.772255:0.007235,276:0.465435:0.001060,-1:-1.000000:0.013161,-1:-1.000000:-0.014672,699:0.823700:0.019586,-1:-1.000000:0.023960,-1:-1.000000:-0.026344,-1:-1.000000:0.076877
253:0.892320:0.007407,267:0.210955:0.005442,332:0.112555:-0.025005,-1:-1.000000:0.007564,-1:-1.000000:-0.046718,513:0.425130:0.007937,-1:-1.000000:-0.012766,-1:-1.000000:0.012492,248:0.930910:0.039833,8:0.784930:0.034656,-1:-1.000000:0.031858,-1:-1.000000:0.037454,36:0.717010:0.045010,-1:-1.000000:0.042539,-1:-1.000000:0.047480
220:0.681520:0.006666,300:0.626080:0.010711,276:0.465435:0.004086,-1:-1.000000:0.015964,-1:-1.000000:-0.015429,344:0.490910:0.024331,-1:-1.000000:0.036034,-1:-1.000000:0.009702,326:0.802745:-0.008166,337:0.781325:-0.000029,-1:-1.000000:-0.014187,-1:-1.000000:0.014129,124:0.746700:-0.024440,-1:-1.000000:-0.017936,-1:-1.000000:-0.034195
100:0.909860:0.006000,36:0.988970:0.004185,276:0.772255:0.003229,-1:-1.000000:-0.002633,-1:-1.000000:0.014687,-1:-1.000000:0.066344,20:0.825660:0.035936,-1:-1.000000:0.049742,8:0.779290:0.031335,-1:-1.000000:0.025203,-1:-1.000000:0.034401
359:0.973465:0.005400,220:0.681520:0.006245,216:0.041857:0.010141,-1:-1.000000:-0.026540,-1:-1.000000:0.012299,433:0.541990:-0.007779,-1:-1.000000:0.004625,-1:-1.000000:-0.016048,-1:-1.000000:-0.052955
505:0.995055:0.004860,671:0.768280:0.004035,267:0.175620:0.005591,-1:-1.000000:-0.024777,-1:-1.000000:0.007037,8:0.797040:-0.030182,-1:-1.000000:-0.039594,-1:-1.000000:-0.011360,-1:-1.000000:0.061750
36:0.988970:0.004374,100:0.909860:0.003600,149:0.591720:0.001950,-1:-1.000000:-0.005285,-1:-1.000000:0.008966,20:0.825660:0.030409,-1:-1.000000:0.042834,-1:-1.000000:0.026268,-1:-1.000000:0.057776
216:0.041857:0.003936,216:0.022978:-0.021605,32:0.666500:-0.017473,-1:-1.000000:-0.020516,-1:-1.000000:-0.011386,-1:-1.000000:-0.034002,179:0.807210:0.005484,149:0.591720:0.003119,-1:-1.000000:-0.005894,-1:-1.000000:0.011261,149:0.484790:0.025417,-1:-1.000000:0.017475,-1:-1.000000:0.045274
30,0.231932,0.307414,1.000000,0.206385,0.296677,1.000000
505:0.995055:0.003543,671:0.768280:0.002818,399:0.864565:0.004178,-1:-1.000000:0.005748,-1:-1.000000:-0.020170,8:0.797040:-0.027093,-1:-1.000000:-0.034516,-1:-1.000000:-0.012247,-1:-1.000000:0.053553
220:0.681520:0.003188,481:0.117363:0.006346,332:0.138060:0.018076,-1:-1.000000:-0.001642,-1:-1.000000:0.027038,135:0.535605:0.001534,-1:-1.000000:-0.011091,-1:-1.000000:0.010316,326:0.802745:-0.008389,337:0.781325:-0.001746,-1:-1.000000:-0.012243,-1:-1.000000:0.008751,596:0.377300:-0.021676,-1:-1.000000:-0.031504,-1:-1.000000:-0.015124
359:0.973465:0.002870,458:0.937765:0.003573,220:0.681520:0.004287,-1:-1.000000:0.007637,-1:-1.000000:-0.007550,-1:-1.000000:-0.044952,-1:-1.000000:-0.045670
153:0.763355:0.002583,154:0.878865:0.001399,276:0.350675:0.002993,-1:-1.000000:0.011643,-1:-1.000000:-0.001333,108:0.068378:-0.023705,-1:-1.000000:0.001019,-1:-1.000000:-0.031946,12:0.583105:0.029022,36:0.528070:0.035732,-1:-1.000000:0.041803,-1:-1.000000:0.029661,-1:-1.000000:0.015602
685:0.964380:0.002324,505:0.995055:0.001682,535:0.443395:0.001047,-1:-1.000000:-0.007612,-1:-1.000000:0.004404,-1:-1.000000:0.044863,-1:-1.000000:0.046675
216:0.041857:0.002092,376:0.202085:-0.018949,-1:-1.000000:-0.031138,32:0.666500:-0.014885,-1:-1.000000:-0.017753,-1:-1.000000:-0.009150,533:0.604550:0.003367,381:0.625590:-0.000972,-1:-1.000000:-0.006647,-1:-1.000000:0.009973,36:0.332615:0.010484,-1:-1.000000:0.028894,-1:-1.000000:0.006977
458:0.937765:0.001883,220:0.681520:0.002491,267:0.175620:0.005145,-1:-1.000000:-0.020894,-1:-1.000000:0.006677,326:0.802745:-0.007062,-1:-1.000000:-0.001549,-1:-1.000000:-0.018088,-1:-1.000000:-0.040099
36:0.988970:0.001694,685:0.964380:0.001108,153:0.763355:0.000531,-1:-1.000000:-0.000523,-1:-1.000000:0.023384,-1:-1.000000:0.040343,-1:-1.000000:0.042130
216:0.041857:0.001525,216:0.022978:-0.017463,32:0.666500:-0.013738,-1:-1.000000:-0.016593,-1:-1.000000:-0.008028,-1:-1.000000:-0.028640,179:0.851025:0.002676,216:0.184120:0.001158,-1:-1.000000:0.014023,-1:-1.000000:-0.001365,124:0.423775:0.021195,-1:-1.000000:0.028775,-1:-1.000000:0.009825
399:0.864565:0.001373,399:0.558675:0.002481,596:0.506225:-0.000444,-1:-1.000000:0.003816,-1:-1.000000:-0.010293,242:0.386960:0.014406,-1:-1.000000:0.007623,-1:-1.000000:0.022319,12:0.735695:-0.016920,12:0.356990:-0.022881,-1:-1.000000:-0.025148,-1:-1.000000:-0.020615,36:0.440630:-0.010960,-1:-1.000000:-0.009564,-1:-1.000000:-0.012355
40,0.177469,0.307414,1.000000,0.157652,0.296677,1.000000
458:0.937765:0.001235,267:0.175620:0.001779,108:0.129179:-0.018997,-1:-1.000000:0.001376,-1:-1.000000:-0.029184,220:0.681520:0.002723,-1:-1.000000:0.005366,-1:-1.000000:-0.006262,-1:-1.000000:-0.036282
499:0.888605:0.001112,641:0.141910:0.002629,36:0.540735:-0.017980,-1:-1.000000:-0.028364,-1:-1.000000:-0.012788,399:0.864565:0.003677,-1:-1.000000:0.004792,-1:-1.000000:-0.017135,265:0.450010:-0.010646,12:0.356990:0.007314,-1:-1.000000:0.011558,-1:-1.000000:0.005193,300:0.697295:-0.021423,-1:-1.000000:-0.031764,-1:-1.000000:-0.014529
505:0.995055:0.001001,671:0.768280:0.000499,359:0.973465:0.001438,-1:-1.000000:0.001955,-1:-1.000000:-0.032147,8:0.797040:-0.020168,-1:-1.000000:-0.026612,-1:-1.000000:-0.007278,-1:-1.000000:0.035611
36:0.988970:0.000901,191:0.957755:0.000429,11:0.534090:-0.000539,-1:-1.000000:-0.012974,-1:-1.000000:0.001206,36:0.535600:0.016157,-1:-1.000000:0.022593,-1:-1.000000:0.014011,-1:-1.000000:0.033447
216:0.041857:0.000810,216:0.022978:-0.014753,124:0.556885:-0.010978,-1:-1.000000:-0.014638,-1:-1.000000:-0.009148,-1:-1.000000:-0.026079,417:0.902080:0.001754,220:0.681520:0.003038,-1:-1.000000:0.005306,-1:-1.000000:-0.005162,348:0.818110:-0.011085,-1:-1.000000:-0.018468,-1:-1.000000:0.003682
458:0.937765:0.000729,267:0.175620:0.001179,108:0.129179:-0.016494,-1:-1.000000:-0.000087,-1:-1.000000:-0.024698,399:0.864565:0.001983,-1:-1.000000:0.002992,-1:-1.000000:-0.013653,-1:-1.000000:-0.030324
505:0.995055:0.000656,671:0.768280:0.000215,685:0.964380:0.001020,-1:-1.000000:0.000566,-1:-1.000000:0.030513,8:0.797040:-0.017487,-1:-1.000000:-0.023004,-1:-1.000000:-0.006454,-1:-1.000000:0.031100
36:0.988970:0.000591,153:0.763355:0.000176,154:0.878865:-0.000581,-1:-1.000000:0.000505,-1:-1.000000:-0.017414,12:0.583105:0.016836,-1:-1.000000:0.023381,-1:-1.000000:0.003746,-1:-1.000000:0.029216
216:0.041857:0.000532,376:0.202085:-0.013268,-1:-1.000000:-0.023877,124:0.556885:-0.009732,-1:-1.000000:-0.013581,-1:-1.000000:-0.007807,179:0.851025:0.001368,238:0.955845:0.000281,-1:-1.000000:0.001065,-1:-1.000000:-0.022850,384:0.572440:0.014632,-1:-1.000000:0.009156,-1:-1.000000:0.022846
458:0.937765:0.000479,173:0.176500:0.000884,36:0.734015:0.007523,-1:-1.000000:0.009760,-1:-1.000000:-0.023789,596:0.506225:-0.000960,-1:-1.000000:0.002797,-1:-1.000000:-0.006425,-1:-1.000000:-0.027505
50,0.143894,0.307414,1.000000,0.119404,0.296677,1.000000
505:0.995055:0.000431,535:0.443395:0.000038,17:0.751650:-0.005405,-1:-1.000000:-0.009570,-1:-1.000000:0.003621,699:0.823700:0.002106,-1:-1.000000:0.003283,-1:-1.000000:-0.016341,-1:-1.000000:0.027553
499:0.888605:0.000388,267:0.175620:0.001539,108:0.129179:-0.013847,-1:-1.000000:0.000196,-1:-1.000000:-0.020868,154:0.581695:0.002322,-1:-1.000000:-0.002648,-1:-1.000000:0.005276,201:0.712060:-0.008537,241:0.132716:-0.016429,-1:-1.000000:-0.008986,-1:-1.000000:-0.021391,12:0.356990:0.004615,-1:-1.000000:0.008435,-1:-1.000000:0.002706
685:0.964380:0.000349,505:0.995055:-0.000015,433:0.772335:-0.000384,-1:-1.000000:0.001739,-1:-1.000000:-0.005479,-1:-1.000000:0.025063,-1:-1.000000:0.025472
100:0.909860:0.000314,669:0.260840:-0.000399,674:0.330080:-0.006358,-1:-1.000000:0.007870,-1:-1.000000:-0.010735,418:0.418030:0.001669,-1:-1.000000:-0.000795,-1:-1.000000:0.009266,8:0.779290:0.012075,-1:-1.000000:0.007045,20:0.825660:0.013751,-1:-1.000000:0.015803,-1:-1.000000:0.012726
499:0.888605:0.000283,304:0.823180:0.001290,376:0.221850:0.001990,-1:-1.000000:-0.003133,-1:-1.000000:0.004424,8:0.762430:-0.012472,-1:-1.000000:-0.020398,-1:-1.000000:-0.008509,201:0.712060:-0.007527,241:0.132716:-0.014450,-1:-1.000000:-0.008685,-1:-1.000000:-0.018293,36:0.199625:0.004011,-1:-1.000000:0.001235,-1:-1.000000:0.005400
359:0.973465:0.000254,276:0.350675:0.000585,265:0.354845:0.005045,-1:-1.000000:0.000254,-1:-1.000000:0.011433,300:0.626080:-0.001367,-1:-1.000000:-0.007073,-1:-1.000000:0.003072,-1:-1.000000:-0.022552
505:0.995055:0.000229,465:0.596915:-0.000085,216:0.041857:0.001156,-1:-1.000000:-0.009447,-1:-1.000000:0.001956,418:0.418030:-0.005979,-1:-1.000000:-0.020756,-1:-1.000000:0.001410,-1:-1.000000:0.021886
108:0.984340:0.000206,30:0.190710:-0.000105,640:0.449750:-0.009907,-1:-1.000000:-0.017989,-1:-1.000000:-0.003846,481:0.117363:0.001002,-1:-1.000000:0.005396,-1:-1.000000:-0.001249,-1:-1.000000:0.021657
685:0.964380:0.000185,36:0.988970:-0.000119,481:0.117363:-0.000431,-1:-1.000000:0.002996,-1:-1.000000:-0.002300,-1:-1.000000:0.021123,-1:-1.000000:0.021178
359:0.973465:0.000167,304:0.823180:0.000461,276:0.959310:0.000998,-1:-1.000000:0.000508,-1:-1.000000:0.016677,8:0.762430:-0.011355,-1:-1.000000:-0.017362,-1:-1.000000:-0.008352,-1:-1.000000:-0.020137
60,0.116934,0.307414,1.000000,0.089732,0.296677,1.000000
399:0.864565:0.000150,399:0.558675:0.000730,596:0.506225:-0.000843,-1:-1.000000:0.001590,-1:-1.000000:-0.006471,596:0.904200:0.007142,-1:-1.000000:0.009141,-1:-1.000000:-0.003853,12:0.735695:-0.009410,216:0.361255:-0.013278,-1:-1.000000:-0.011066,-1:-1.000000:-0.015490,36:0.440630:-0.005542,-1:-1.000000:-0.005440,-1:-1.000000:-0.005643
36:0.988970:0.000135,574:0.340080:-0.000135,384:0.492555:-0.004741,-1:-1.000000:-0.017556,-1:-1.000000:-0.001537,486:0.428605:0.001144,-1:-1.000000:0.007205,-1:-1.000000:-0.000407,-1:-1.000000:0.018801
505:0.995055:0.000122,418:0.408190:-0.000147,699:0.035503:-0.001767,-1:-1.000000:-0.043879,-1:-1.000000:-0.000810,606:0.661955:0.002890,-1:-1.000000:0.001169,-1:-1.000000:0.042461,-1:-1.000000:0.018689
499:0.888605:0.000109,669:0.260840:0.000886,348:0.402170:-0.003002,-1:-1.000000:0.003405,-1:-1.000000:-0.008127,418:0.418030:0.002476,-1:-1.000000:0.000490,-1:-1.000000:0.007772,201:0.712060:-0.005907,12:0.735695:-0.011195,-1:-1.000000:-0.014115,-1:-1.000000:-0.006816,36:0.199625:0.002907,-1:-1.000000:0.000875,-1:-1.000000:0.003923
304:0.823180:0.000099,276:0.959310:0.000540,27:0.178580:0.000110,-1:-1.000000:0.006910,-1:-1.000000:-0.000845,36:0.528070:0.014546,-1:-1.000000:0.017213,-1:-1.000000:0.011879,8:0.942700:-0.009772,8:0.762430:-0.012842,-1:-1.000000:-0.015712,-1:-1.000000:-0.009972,-1:-1.000000:-0.003632
685:0.964380:0.000089,533:0.177315:-0.000161,578:0.107070:-0.005356,-1:-1.000000:0.001545,-1:-1.000000:-0.009958,267:0.175620:0.000719,-1:-1.000000:-0.013399,-1:-1.000000:0.001215,-1:-1.000000:0.017327
36:0.988970:0.000080,505:0.995055:-0.000164,596:0.726430:-0.000413,-1:-1.000000:-0.001422,-1:-1.000000:0.003859,-1:-1.000000:0.016734,-1:-1.000000:0.016916
641:0.114530:0.000072,108:0.856195:-0.011421,-1:-1.000000:-0.008506,-1:-1.000000:-0.014337,337:0.885160:0.000410,337:0.875945:-0.000928,-1:-1.000000:-0.000123,-1:-1.000000:-0.013263,640:0.299865:0.003860,-1:-1.000000:0.010404,-1:-1.000000:0.001523
36:0.988970:0.000065,36:0.332615:-0.000155,533:0.626645:0.002881,-1:-1.000000:0.000717,-1:-1.000000:0.011538,36:0.339800:-0.001394,-1:-1.000000:-0.024182,-1:-1.000000:-0.000425,-1:-1.000000:0.015237
685:0.964380:0.000058,533:0.177315:-0.000162,578:0.107070:-0.004609,-1:-1.000000:0.001420,-1:-1.000000:-0.008629,267:0.175620:0.000592,-1:-1.000000:-0.011919,-1:-1.000000:0.001031,-1:-1.000000:0.015263
70,0.093499,0.307414,1.000000,0.068886,0.296677,1.000000
641:0.114530:0.000052,36:0.540735:-0.010340,-1:-1.000000:-0.012964,-1:-1.000000:-0.007716,337:0.885160:0.000358,337:0.849800:-0.000798,-1:-1.000000:0.000151,-1:-1.000000:-0.009155,404:0.767480:0.003340,-1:-1.000000:0.001843,-1:-1.000000:0.011324
349:0.989540:0.000047,17:0.751650:0.000253,436:0.872330:-0.000760,-1:-1.000000:-0.000047,-1:-1.000000:-0.037122,216:0.584110:0.003350,-1:-1.000000:0.001250,-1:-1.000000:0.036951,-1:-1.000000:-0.014155
499:0.888605:0.000042,36:0.399420:0.000648,36:0.360955:0.003009,-1:-1.000000:0.000533,-1:-1.000000:0.016004,465:0.572910:-0.000947,-1:-1.000000:0.000622,-1:-1.000000:-0.006635,201:0.712060:-0.004651,36:0.464530:-0.008901,-1:-1.000000:-0.009988,-1:-1.000000:-0.004557,36:0.199625:0.002433,-1:-1.000000:0.000720,-1:-1.000000:0.003289
359:0.973465:0.000038,135:0.738420:0.000238,197:0.801705:-0.000850,-1:-1.000000:0.000115,-1:-1.000000:-0.005794,545:0.788150:0.002903,-1:-1.000000:0.004538,-1:-1.000000:-0.006362,-1:-1.000000:-0.013754
505:0.995055:0.000034,36:0.988970:-0.000158,418:0.408190:-0.000353,-1:-1.000000:-0.001561,-1:-1.000000:0.001864,-1:-1.000000:0.013084,-1:-1.000000:0.013299
304:0.823180:0.000031,481:0.117363:0.000360,344:0.749565:0.003125,-1:-1.000000:0.001679,-1:-1.000000:0.032049,99:0.967110:-0.000902,-1:-1.000000:-0.000195,-1:-1.000000:-0.032728,8:0.762430:-0.007318,-1:-1.000000:-0.011852,96:0.793650:-0.005052,-1:-1.000000:-0.003558,-1:-1.000000:-0.006546
399:0.864565:0.000028,418:0.408190:0.000400,699:0.035503:-0.000740,-1:-1.000000:-0.029455,-1:-1.000000:-0.000102,81:0.723735:0.003024,-1:-1.000000:0.001665,-1:-1.000000:0.028844,12:0.735695:-0.006119,12:0.356990:-0.007925,-1:-1.000000:-0.009176,-1:-1.000000:-0.006675,36:0.440630:-0.004312,-1:-1.000000:-0.004345,-1:-1.000000:-0.004280
36:0.332615:0.000025,505:0.393360:0.002429,108:0.279445:-0.000989,-1:-1.000000:-0.006304,-1:-1.000000:0.002555,30:0.305985:0.005848,-1:-1.000000:0.010901,-1:-1.000000:0.003682,36:0.339800:-0.000937,8:0.766355:-0.016195,-1:-1.000000:-0.026509,-1:-1.000000:-0.005881,99:0.967110:-0.000301,-1:-1.000000:-0.000860,-1:-1.000000:0.025960
359:0.973465:0.000023,276:0.350675:0.000198,265:0.289395:0.002538,-1:-1.000000:-0.000504,-1:-1.000000:0.005304,669:0.260840:-0.000825,-1:-1.000000:-0.005385,-1:-1.000000:0.000694,-1:-1.000000:-0.012107
244:0.720015:0.000020,108:0.852390:0.000264,30:0.190710:-0.000293,-1:-1.000000:-0.005314,-1:-1.000000:0.000371,36:0.399390:0.004435,-1:-1.000000:0.010850,-1:-1.000000:0.002297,36:0.540735:-0.008250,-1:-1.000000:-0.010534,-1:-1.000000:-0.005966
80,0.068006,0.307414,1.000000,0.055195,0.296677,1.000000
499:0.888605:0.000018,77:0.799255:0.000509,17:0.751650:0.001024,-1:-1.000000:0.000145,-1:-1.000000:0.004617,376:0.234740:-0.004291,-1:-1.000000:-0.011315,-1:-1.000000:-0.002886,265:0.450010:-0.003787,36:0.199625:0.001754,-1:-1.000000:0.000348,-1:-1.000000:0.002457,540:0.495140:-0.007111,-1:-1.000000:-0.003872,-1:-1.000000:-0.007921
36:0.988970:0.000016,135:0.838025:-0.000147,96:0.914210:-0.000797,-1:-1.000000:-0.001262,-1:-1.000000:0.005255,359:0.185105:0.002651,-1:-1.000000:-0.002464,-1:-1.000000:0.004185,-1:-1.000000:0.011309
382:0.825270:0.000015,586:0.022315:0.000241,36:0.528070:0.008961,-1:-1.000000:0.010075,-1:-1.000000:0.007847,359:0.973465:-0.000023,-1:-1.000000:0.000143,-1:-1.000000:-0.010822,36:0.572500:-0.007669,-1:-1.000000:-0.005341,-1:-1.000000:-0.009997
244:0.720015:0.000013,179:0.851025:0.000236,669:0.260840:-0.000149,-1:-1.000000:-0.002728,-1:-1.000000:0.000804,384:0.572440:0.005086,-1:-1.000000:0.002527,-1:-1.000000:0.008925,36:0.540735:-0.007551,-1:-1.000000:-0.009831,-1:-1.000000:-0.005272
685:0.964380:0.000012,36:0.332615:-0.000136,533:0.626645:0.001868,-1:-1.000000:0.000472,-1:-1.000000:0.007453,36:0.339800:-0.000954,-1:-1.000000:-0.014429,-1:-1.000000:-0.000381,-1:-1.000000:0.010214
417:0.902080:0.000011,382:0.825270:0.000380,376:0.221850:0.000616,-1:-1.000000:-0.001419,-1:-1.000000:0.001658,212:0.622595:-0.006944,-1:-1.000000:-0.009039,-1:-1.000000:-0.004849,192:0.864805:-0.003924,332:0.124332:-0.005987,-1:-1.000000:-0.008330,-1:-1.000000:-0.005206,8:0.657225:0.000201,-1:-1.000000:0.002394,-1:-1.000000:-0.001991
187:0.907100:0.000010,499:0.888605:0.000209,77:0.799255:0.000668,-1:-1.000000:0.001130,-1:-1.000000:-0.003487,201:0.712060:-0.003231,-1:-1.000000:-0.006157,-1:-1.000000:0.001645,36:0.706535:-0.006779,-1:-1.000000:-0.008668,-1:-1.000000:-0.004890
359:0.973465:0.000009,276:0.350675:0.000150,265:0.354845:0.001956,-1:-1.000000:0.000063,-1:-1.000000:0.004479,300:0.626080:-0.000640,-1:-1.000000:-0.002900,-1:-1.000000:0.001118,-1:-1.000000:-0.009753
349:0.989540:0.000008,499:0.888605:0.000138,11:0.534090:0.000543,-1:-1.000000:-0.002313,-1:-1.000000:0.001171,201:0.712060:-0.002948,-1:-1.000000:-0.005493,-1:-1.000000:0.001292,-1:-1.000000:-0.008980
382:0.825270:0.000007,276:0.959310:0.000195,596:0.726430:-0.000015,-1:-1.000000:-0.000588,-1:-1.000000:0.002565,36:0.528070:0.007123,-1:-1.000000:0.007734,-1:-1.000000:0.006512,36:0.572500:-0.006391,-1:-1.000000:-0.004305,-1:-1.000000:-0.008477
90,0.057591,0.307414,1.000000,0.043848,0.296677,1.000000
359:0.973465:0.000006,451:0.379205:0.000135,325:0.165396:0.001432,-1:-1.000000:-0.004040,-1:-1.000000:0.002571,70:0.819455:-0.000806,-1:-1.000000:-0.001734,-1:-1.000000:0.002907,-1:-1.000000:-0.008836
685:0.964380:0.000006,533:0.177315:-0.000119,578:0.107070:-0.002693,-1:-1.000000:0.000139,-1:-1.000000:-0.004580,36:0.332615:0.000317,-1:-1.000000:0.002561,-1:-1.000000:-0.000448,-1:-1.000000:0.008601
36:0.988970:0.000005,27:0.178580:-0.000115,124:0.578700:0.002403,-1:-1.000000:0.004275,-1:-1.000000:-0.001964,504:0.445045:-0.000542,-1:-1.000000:-0.003454,-1:-1.000000:0.000125,-1:-1.000000:0.008312
187:0.907100:0.000005,481:0.117363:0.000171,344:0.749565:0.001595,-1:-1.000000:0.000635,-1:-1.000000:0.022708,99:0.967110:-0.000557,-1:-1.000000:-0.000062,-1:-1.000000:-0.022347,36:0.706535:-0.005638,-1:-1.000000:-0.007015,-1:-1.000000:-0.004260
267:0.175620:0.000004,108:0.129179:-0.004551,-1:-1.000000:-0.000242,12:0.191580:-0.006706,-1:-1.000000:-0.005497,-1:-1.000000:-0.007914,451:0.379205:0.000208,325:0.165396:0.001493,-1:-1.000000:-0.003401,-1:-1.000000:0.002606,418:0.408190:-0.000659,-1:-1.000000:-0.002579,-1:-1.000000:0.000911
505:0.995055:0.000004,603:0.619585:-0.000112,146:0.907580:0.000351,-1:-1.000000:0.000557,-1:-1.000000:-0.005323,596:0.726430:-0.002313,-1:-1.000000:-0.004833,-1:-1.000000:0.005245,-1:-1.000000:0.008025
685:0.964380:0.000003,533:0.177315:-0.000107,578:0.107070:-0.002373,-1:-1.000000:0.000270,-1:-1.000000:-0.004134,267:0.175620:0.000278,-1:-1.000000:-0.005821,-1:-1.000000:0.000492,-1:-1.000000:0.007588
349:0.989540:0.000003,513:0.425130:0.000109,96:0.907520:-0.001784,-1:-1.000000:-0.003010,-1:-1.000000:0.002301,533:0.884850:0.000548,-1:-1.000000:0.000236,-1:-1.000000:0.006075,-1:-1.000000:-0.007300
36:0.988970:0.000003,596:0.726430:-0.000100,596:0.716370:-0.000525,-1:-1.000000:-0.000181,-1:-1.000000:-0.019444,344:0.728960:0.001729,-1:-1.000000:0.000227,-1:-1.000000:0.019749,-1:-1.000000:0.007098
